[2022-11-26T20:39:20.448+0000] {taskinstance.py:1172} INFO - Dependencies all met for <TaskInstance: de_pipeline.file_names manual__2022-11-26T20:39:17.378624+00:00 [queued]>
[2022-11-26T20:39:20.464+0000] {taskinstance.py:1172} INFO - Dependencies all met for <TaskInstance: de_pipeline.file_names manual__2022-11-26T20:39:17.378624+00:00 [queued]>
[2022-11-26T20:39:20.465+0000] {taskinstance.py:1369} INFO - 
--------------------------------------------------------------------------------
[2022-11-26T20:39:20.465+0000] {taskinstance.py:1370} INFO - Starting attempt 1 of 3
[2022-11-26T20:39:20.466+0000] {taskinstance.py:1371} INFO - 
--------------------------------------------------------------------------------
[2022-11-26T20:39:20.486+0000] {taskinstance.py:1390} INFO - Executing <Task(PythonOperator): file_names> on 2022-11-26 20:39:17.378624+00:00
[2022-11-26T20:39:20.494+0000] {standard_task_runner.py:52} INFO - Started process 682 to run task
[2022-11-26T20:39:20.505+0000] {standard_task_runner.py:79} INFO - Running: ['airflow', 'tasks', 'run', 'de_pipeline', 'file_names', 'manual__2022-11-26T20:39:17.378624+00:00', '--job-id', '35', '--raw', '--subdir', 'DAGS_FOLDER/d.e zoomcamp.py', '--cfg-path', '/tmp/tmp8smb6o23', '--error-file', '/tmp/tmpw4g910rf']
[2022-11-26T20:39:20.510+0000] {standard_task_runner.py:80} INFO - Job 35: Subtask file_names
[2022-11-26T20:39:21.269+0000] {task_command.py:375} INFO - Running <TaskInstance: de_pipeline.file_names manual__2022-11-26T20:39:17.378624+00:00 [running]> on host airflow-worker-7bd568f56c-cqtd4
[2022-11-26T20:39:21.467+0000] {taskinstance.py:1583} INFO - Exporting the following env vars:
AIRFLOW_CTX_DAG_OWNER=Oladayo
AIRFLOW_CTX_DAG_ID=de_pipeline
AIRFLOW_CTX_TASK_ID=file_names
AIRFLOW_CTX_EXECUTION_DATE=2022-11-26T20:39:17.378624+00:00
AIRFLOW_CTX_TRY_NUMBER=1
AIRFLOW_CTX_DAG_RUN_ID=manual__2022-11-26T20:39:17.378624+00:00
[2022-11-26T20:39:21.470+0000] {python.py:173} INFO - Done. Returned value was: ['trip', 'station', 'weather']
[2022-11-26T20:39:21.549+0000] {taskinstance.py:1408} INFO - Marking task as SUCCESS. dag_id=de_pipeline, task_id=file_names, execution_date=20221126T203917, start_date=20221126T203920, end_date=20221126T203921
[2022-11-26T20:39:21.762+0000] {local_task_job.py:156} INFO - Task exited with return code 0
[2022-11-26T20:39:21.884+0000] {local_task_job.py:279} INFO - 1 downstream tasks scheduled from follow-on schedule check
