[2022-11-26T20:39:53.151+0000] {taskinstance.py:1172} INFO - Dependencies all met for <TaskInstance: de_pipeline.load_to_big_query manual__2022-11-26T20:39:17.378624+00:00 [queued]>
[2022-11-26T20:39:53.165+0000] {taskinstance.py:1172} INFO - Dependencies all met for <TaskInstance: de_pipeline.load_to_big_query manual__2022-11-26T20:39:17.378624+00:00 [queued]>
[2022-11-26T20:39:53.166+0000] {taskinstance.py:1369} INFO - 
--------------------------------------------------------------------------------
[2022-11-26T20:39:53.170+0000] {taskinstance.py:1370} INFO - Starting attempt 1 of 3
[2022-11-26T20:39:53.175+0000] {taskinstance.py:1371} INFO - 
--------------------------------------------------------------------------------
[2022-11-26T20:39:53.231+0000] {taskinstance.py:1390} INFO - Executing <Task(PythonOperator): load_to_big_query> on 2022-11-26 20:39:17.378624+00:00
[2022-11-26T20:39:53.238+0000] {standard_task_runner.py:52} INFO - Started process 738 to run task
[2022-11-26T20:39:53.249+0000] {standard_task_runner.py:79} INFO - Running: ['airflow', 'tasks', 'run', 'de_pipeline', 'load_to_big_query', 'manual__2022-11-26T20:39:17.378624+00:00', '--job-id', '38', '--raw', '--subdir', 'DAGS_FOLDER/d.e zoomcamp.py', '--cfg-path', '/tmp/tmpdsgum495', '--error-file', '/tmp/tmpigzwy07b']
[2022-11-26T20:39:53.253+0000] {standard_task_runner.py:80} INFO - Job 38: Subtask load_to_big_query
[2022-11-26T20:39:53.940+0000] {task_command.py:375} INFO - Running <TaskInstance: de_pipeline.load_to_big_query manual__2022-11-26T20:39:17.378624+00:00 [running]> on host airflow-worker-7bd568f56c-gsc4t
[2022-11-26T20:39:54.143+0000] {taskinstance.py:1583} INFO - Exporting the following env vars:
AIRFLOW_CTX_DAG_OWNER=Oladayo
AIRFLOW_CTX_DAG_ID=de_pipeline
AIRFLOW_CTX_TASK_ID=load_to_big_query
AIRFLOW_CTX_EXECUTION_DATE=2022-11-26T20:39:17.378624+00:00
AIRFLOW_CTX_TRY_NUMBER=1
AIRFLOW_CTX_DAG_RUN_ID=manual__2022-11-26T20:39:17.378624+00:00
[2022-11-26T20:40:00.976+0000] {logging_mixin.py:115} INFO - Loaded 669959 rows.
[2022-11-26T20:40:05.615+0000] {logging_mixin.py:115} INFO - Loaded 70 rows.
[2022-11-26T20:40:07.369+0000] {logging_mixin.py:115} INFO - Loaded 3665 rows.
[2022-11-26T20:40:07.370+0000] {python.py:173} INFO - Done. Returned value was: None
[2022-11-26T20:40:07.410+0000] {taskinstance.py:1408} INFO - Marking task as SUCCESS. dag_id=de_pipeline, task_id=load_to_big_query, execution_date=20221126T203917, start_date=20221126T203953, end_date=20221126T204007
[2022-11-26T20:40:07.649+0000] {local_task_job.py:156} INFO - Task exited with return code 0
[2022-11-26T20:40:07.742+0000] {local_task_job.py:279} INFO - 0 downstream tasks scheduled from follow-on schedule check
